16/10/2017 17:32:02 (Std) 	+-+-+-+-+-+-+-+-+-+-+-+-+-+-+-+-+-+-+-+-+-+-+-+-+-+-+-+-+-+-+-+-+-+-+-+-+-+-+-+
16/10/2017 17:32:02 (Std) 	+                     Crazy Eddie's GUI System - Event log                    +
16/10/2017 17:32:02 (Std) 	+                          (http://www.cegui.org.uk/)                         +
16/10/2017 17:32:02 (Std) 	+-+-+-+-+-+-+-+-+-+-+-+-+-+-+-+-+-+-+-+-+-+-+-+-+-+-+-+-+-+-+-+-+-+-+-+-+-+-+-+

16/10/2017 17:32:02 (Std) 	CEGUI::Logger singleton created. (0x267f640)
16/10/2017 17:32:02 (Std) 	
16/10/2017 17:32:02 (Std) 	********************************************************************************
16/10/2017 17:32:02 (Std) 	* Important:                                                                   *
16/10/2017 17:32:02 (Std) 	*     To get support at the CEGUI forums, you must post _at least_ the section *
16/10/2017 17:32:02 (Std) 	*     of this log file indicated below.  Failure to do this will result in no  *
16/10/2017 17:32:02 (Std) 	*     support being given; please do not waste our time.                       *
16/10/2017 17:32:02 (Std) 	********************************************************************************
16/10/2017 17:32:02 (Std) 	********************************************************************************
16/10/2017 17:32:02 (Std) 	* -------- START OF ESSENTIAL SECTION TO BE POSTED ON THE FORUM       -------- *
16/10/2017 17:32:02 (Std) 	********************************************************************************
16/10/2017 17:32:02 (Std) 	---- Version: 0.8.7 (Build: Oct  6 2017 GNU/Linux g++ 5.4.0 20160609 64 bit) ----
16/10/2017 17:32:02 (Std) 	---- Renderer module is: CEGUI::OgreRenderer - Official OGRE based 2nd generation renderer module. ----
16/10/2017 17:32:02 (Std) 	---- XML Parser module is: CEGUI::ExpatParser - Official expat based parser module for CEGUI ----
16/10/2017 17:32:02 (Std) 	---- Image Codec module is: OgreImageCodec - Integrated ImageCodec using the Ogre engine. ----
16/10/2017 17:32:02 (Std) 	---- Scripting module is: None ----
16/10/2017 17:32:02 (Std) 	********************************************************************************
16/10/2017 17:32:02 (Std) 	* -------- END OF ESSENTIAL SECTION TO BE POSTED ON THE FORUM         -------- *
16/10/2017 17:32:02 (Std) 	********************************************************************************
16/10/2017 17:32:02 (Std) 	
16/10/2017 17:32:02 (Std) 	---- Begining CEGUI System initialisation ----
16/10/2017 17:32:02 (Std) 	[CEGUI::ImageManager] Singleton created (0x2205480)
16/10/2017 17:32:02 (Std) 	[CEGUI::ImageManager] Registered Image type: BasicImage
16/10/2017 17:32:02 (Std) 	CEGUI::FontManager singleton created. (0x22052c0)
16/10/2017 17:32:02 (Std) 	CEGUI::WindowFactoryManager singleton created
16/10/2017 17:32:02 (Std) 	CEGUI::WindowManager singleton created (0x22053f0)
16/10/2017 17:32:02 (Std) 	CEGUI::SchemeManager singleton created. (0x20242d0)
16/10/2017 17:32:02 (Std) 	CEGUI::GlobalEventSet singleton created. (0x20206c0)
16/10/2017 17:32:02 (Std) 	CEGUI::AnimationManager singleton created (0x201f990)
16/10/2017 17:32:02 (Std) 	CEGUI::WidgetLookManager singleton created. (0x2205500)
16/10/2017 17:32:02 (Std) 	CEGUI::WindowRendererManager singleton created (0x220c500)
16/10/2017 17:32:02 (Std) 	CEGUI::RenderEffectManager singleton created (0x22092b0)
16/10/2017 17:32:02 (Std) 	Created WindowFactory for 'DefaultWindow' windows.
16/10/2017 17:32:02 (Std) 	WindowFactory for 'DefaultWindow' windows added. (0x2021ec0)
16/10/2017 17:32:02 (Std) 	Created WindowFactory for 'DragContainer' windows.
16/10/2017 17:32:02 (Std) 	WindowFactory for 'DragContainer' windows added. (0x21fbd50)
16/10/2017 17:32:02 (Std) 	Created WindowFactory for 'ScrolledContainer' windows.
16/10/2017 17:32:02 (Std) 	WindowFactory for 'ScrolledContainer' windows added. (0x21f3510)
16/10/2017 17:32:02 (Std) 	Created WindowFactory for 'ClippedContainer' windows.
16/10/2017 17:32:02 (Std) 	WindowFactory for 'ClippedContainer' windows added. (0x2206e00)
16/10/2017 17:32:02 (Std) 	Created WindowFactory for 'CEGUI/PushButton' windows.
16/10/2017 17:32:02 (Std) 	WindowFactory for 'CEGUI/PushButton' windows added. (0x21fd520)
16/10/2017 17:32:02 (Std) 	Created WindowFactory for 'CEGUI/RadioButton' windows.
16/10/2017 17:32:02 (Std) 	WindowFactory for 'CEGUI/RadioButton' windows added. (0x21fd6c0)
16/10/2017 17:32:02 (Std) 	Created WindowFactory for 'CEGUI/Combobox' windows.
16/10/2017 17:32:02 (Std) 	WindowFactory for 'CEGUI/Combobox' windows added. (0x21ed150)
16/10/2017 17:32:02 (Std) 	Created WindowFactory for 'CEGUI/ComboDropList' windows.
16/10/2017 17:32:02 (Std) 	WindowFactory for 'CEGUI/ComboDropList' windows added. (0x21e0840)
16/10/2017 17:32:02 (Std) 	Created WindowFactory for 'CEGUI/Editbox' windows.
16/10/2017 17:32:02 (Std) 	WindowFactory for 'CEGUI/Editbox' windows added. (0x21e09e0)
16/10/2017 17:32:02 (Std) 	Created WindowFactory for 'CEGUI/FrameWindow' windows.
16/10/2017 17:32:02 (Std) 	WindowFactory for 'CEGUI/FrameWindow' windows added. (0x2200700)
16/10/2017 17:32:02 (Std) 	Created WindowFactory for 'CEGUI/ItemEntry' windows.
16/10/2017 17:32:02 (Std) 	WindowFactory for 'CEGUI/ItemEntry' windows added. (0x21e9160)
16/10/2017 17:32:02 (Std) 	Created WindowFactory for 'CEGUI/Listbox' windows.
16/10/2017 17:32:02 (Std) 	WindowFactory for 'CEGUI/Listbox' windows added. (0x21e9300)
16/10/2017 17:32:02 (Std) 	Created WindowFactory for 'CEGUI/ListHeader' windows.
16/10/2017 17:32:02 (Std) 	WindowFactory for 'CEGUI/ListHeader' windows added. (0x22079a0)
16/10/2017 17:32:02 (Std) 	Created WindowFactory for 'CEGUI/ListHeaderSegment' windows.
16/10/2017 17:32:02 (Std) 	WindowFactory for 'CEGUI/ListHeaderSegment' windows added. (0x21fa420)
16/10/2017 17:32:02 (Std) 	Created WindowFactory for 'CEGUI/Menubar' windows.
16/10/2017 17:32:02 (Std) 	WindowFactory for 'CEGUI/Menubar' windows added. (0x21fa5c0)
16/10/2017 17:32:02 (Std) 	Created WindowFactory for 'CEGUI/PopupMenu' windows.
16/10/2017 17:32:02 (Std) 	WindowFactory for 'CEGUI/PopupMenu' windows added. (0x21fe2a0)
16/10/2017 17:32:02 (Std) 	Created WindowFactory for 'CEGUI/MenuItem' windows.
16/10/2017 17:32:02 (Std) 	WindowFactory for 'CEGUI/MenuItem' windows added. (0x21e13b0)
16/10/2017 17:32:02 (Std) 	Created WindowFactory for 'CEGUI/MultiColumnList' windows.
16/10/2017 17:32:02 (Std) 	WindowFactory for 'CEGUI/MultiColumnList' windows added. (0x21e1550)
16/10/2017 17:32:02 (Std) 	Created WindowFactory for 'CEGUI/MultiLineEditbox' windows.
16/10/2017 17:32:02 (Std) 	WindowFactory for 'CEGUI/MultiLineEditbox' windows added. (0x2209d90)
16/10/2017 17:32:02 (Std) 	Created WindowFactory for 'CEGUI/ProgressBar' windows.
16/10/2017 17:32:02 (Std) 	WindowFactory for 'CEGUI/ProgressBar' windows added. (0x2209f30)
16/10/2017 17:32:02 (Std) 	Created WindowFactory for 'CEGUI/ScrollablePane' windows.
16/10/2017 17:32:02 (Std) 	WindowFactory for 'CEGUI/ScrollablePane' windows added. (0x21e6da0)
16/10/2017 17:32:02 (Std) 	Created WindowFactory for 'CEGUI/Scrollbar' windows.
16/10/2017 17:32:02 (Std) 	WindowFactory for 'CEGUI/Scrollbar' windows added. (0x21f2850)
16/10/2017 17:32:02 (Std) 	Created WindowFactory for 'CEGUI/Slider' windows.
16/10/2017 17:32:02 (Std) 	WindowFactory for 'CEGUI/Slider' windows added. (0x21f29f0)
16/10/2017 17:32:02 (Std) 	Created WindowFactory for 'CEGUI/Spinner' windows.
16/10/2017 17:32:02 (Std) 	WindowFactory for 'CEGUI/Spinner' windows added. (0x21f8100)
16/10/2017 17:32:02 (Std) 	Created WindowFactory for 'CEGUI/TabButton' windows.
16/10/2017 17:32:02 (Std) 	WindowFactory for 'CEGUI/TabButton' windows added. (0x21e1f60)
16/10/2017 17:32:02 (Std) 	Created WindowFactory for 'CEGUI/TabControl' windows.
16/10/2017 17:32:02 (Std) 	WindowFactory for 'CEGUI/TabControl' windows added. (0x21e2100)
16/10/2017 17:32:02 (Std) 	Created WindowFactory for 'CEGUI/Thumb' windows.
16/10/2017 17:32:02 (Std) 	WindowFactory for 'CEGUI/Thumb' windows added. (0x2029170)
16/10/2017 17:32:02 (Std) 	Created WindowFactory for 'CEGUI/Titlebar' windows.
16/10/2017 17:32:02 (Std) 	WindowFactory for 'CEGUI/Titlebar' windows added. (0x21f5a70)
16/10/2017 17:32:02 (Std) 	Created WindowFactory for 'CEGUI/ToggleButton' windows.
16/10/2017 17:32:02 (Std) 	WindowFactory for 'CEGUI/ToggleButton' windows added. (0x21f5c10)
16/10/2017 17:32:02 (Std) 	Created WindowFactory for 'CEGUI/Tooltip' windows.
16/10/2017 17:32:02 (Std) 	WindowFactory for 'CEGUI/Tooltip' windows added. (0x20211a0)
16/10/2017 17:32:02 (Std) 	Created WindowFactory for 'CEGUI/ItemListbox' windows.
16/10/2017 17:32:02 (Std) 	WindowFactory for 'CEGUI/ItemListbox' windows added. (0x21f0340)
16/10/2017 17:32:02 (Std) 	Created WindowFactory for 'CEGUI/GroupBox' windows.
16/10/2017 17:32:02 (Std) 	WindowFactory for 'CEGUI/GroupBox' windows added. (0x21f04e0)
16/10/2017 17:32:02 (Std) 	Created WindowFactory for 'CEGUI/Tree' windows.
16/10/2017 17:32:02 (Std) 	WindowFactory for 'CEGUI/Tree' windows added. (0x22102c0)
16/10/2017 17:32:02 (Std) 	Created WindowFactory for 'LayoutCell' windows.
16/10/2017 17:32:02 (Std) 	WindowFactory for 'LayoutCell' windows added. (0x21fb020)
16/10/2017 17:32:02 (Std) 	Created WindowFactory for 'HorizontalLayoutContainer' windows.
16/10/2017 17:32:02 (Std) 	WindowFactory for 'HorizontalLayoutContainer' windows added. (0x21feeb0)
16/10/2017 17:32:02 (Std) 	Created WindowFactory for 'VerticalLayoutContainer' windows.
16/10/2017 17:32:02 (Std) 	WindowFactory for 'VerticalLayoutContainer' windows added. (0x21e60a0)
16/10/2017 17:32:02 (Std) 	Created WindowFactory for 'GridLayoutContainer' windows.
16/10/2017 17:32:02 (Std) 	WindowFactory for 'GridLayoutContainer' windows added. (0x21e6240)
16/10/2017 17:32:02 (Std) 	CEGUI::System singleton created. (0x2026a40)
16/10/2017 17:32:02 (Std) 	---- CEGUI System initialisation completed ----
16/10/2017 17:32:02 (Std) 	
16/10/2017 17:32:02 (Error)	The C locale for LC_NUMERIC and/or LC_ALL is not set to "C". However, CEGUI is only ensured to parse strings and numbers correctly under the condition that the locale is set to "C". This is required, for example, when parsing files or converting from a (property-) value to a String (or vice-versa). If your code or one of your libraries change the locale (typically, by using the function "setlocale"), please set the locale back to the default everytime before a relevant call to CEGUI is issued to ensure that the parsing will be functional and correct. If you know what you are doing and there are no issues whatsoever, you may ignore this error message.
16/10/2017 17:32:02 (Std) 	Started creation of Scheme from XML specification:
16/10/2017 17:32:02 (Std) 	---- CEGUI GUIScheme name: TaharezLook
16/10/2017 17:32:02 (Error)	The C locale for LC_NUMERIC and/or LC_ALL is not set to "C". However, CEGUI is only ensured to parse strings and numbers correctly under the condition that the locale is set to "C". This is required, for example, when parsing files or converting from a (property-) value to a String (or vice-versa). If your code or one of your libraries change the locale (typically, by using the function "setlocale"), please set the locale back to the default everytime before a relevant call to CEGUI is issued to ensure that the parsing will be functional and correct. If you know what you are doing and there are no issues whatsoever, you may ignore this error message.
16/10/2017 17:32:02 (Std) 	[ImageManager] Started creation of Imageset from XML specification:
16/10/2017 17:32:02 (Std) 	[ImageManager] ---- CEGUI Imageset name: TaharezLook
16/10/2017 17:32:02 (Std) 	[ImageManager] ---- Source texture file: TaharezLook.png
16/10/2017 17:32:02 (Std) 	[ImageManager] ---- Source texture resource group: (Default)
16/10/2017 17:32:02 (Std) 	[OgreRenderer] Created texture: TaharezLook
16/10/2017 17:32:02 (Std) 	[ImageManager] Created image: 'TaharezLook/ClientBrush' (0x21f4310) of type: BasicImage
16/10/2017 17:32:02 (Std) 	[ImageManager] Created image: 'TaharezLook/GenericBrush' (0x21ef7f0) of type: BasicImage
16/10/2017 17:32:02 (Std) 	[ImageManager] Created image: 'TaharezLook/WindowLeftEdge' (0x26a5980) of type: BasicImage
16/10/2017 17:32:02 (Std) 	[ImageManager] Created image: 'TaharezLook/WindowRightEdge' (0x21e2e10) of type: BasicImage
16/10/2017 17:32:02 (Std) 	[ImageManager] Created image: 'TaharezLook/WindowTopEdge' (0x21ee8f0) of type: BasicImage
16/10/2017 17:32:02 (Std) 	[ImageManager] Created image: 'TaharezLook/WindowBottomEdge' (0x21eeb00) of type: BasicImage
16/10/2017 17:32:02 (Std) 	[ImageManager] Created image: 'TaharezLook/WindowTopLeft' (0x2206280) of type: BasicImage
16/10/2017 17:32:02 (Std) 	[ImageManager] Created image: 'TaharezLook/WindowTopRight' (0x26a5bf0) of type: BasicImage
16/10/2017 17:32:02 (Std) 	[ImageManager] Created image: 'TaharezLook/WindowBottomLeft' (0x26a5e00) of type: BasicImage
16/10/2017 17:32:02 (Std) 	[ImageManager] Created image: 'TaharezLook/WindowBottomRight' (0x26a6010) of type: BasicImage
16/10/2017 17:32:02 (Std) 	[ImageManager] Created image: 'TaharezLook/ButtonLeftNormal' (0x26a6220) of type: BasicImage
16/10/2017 17:32:02 (Std) 	[ImageManager] Created image: 'TaharezLook/ButtonMiddleNormal' (0x26a6430) of type: BasicImage
16/10/2017 17:32:02 (Std) 	[ImageManager] Created image: 'TaharezLook/ButtonRightNormal' (0x26a6640) of type: BasicImage
16/10/2017 17:32:02 (Std) 	[ImageManager] Created image: 'TaharezLook/ButtonLeftPushed' (0x26a6850) of type: BasicImage
16/10/2017 17:32:02 (Std) 	[ImageManager] Created image: 'TaharezLook/ButtonMiddlePushed' (0x26a6a60) of type: BasicImage
16/10/2017 17:32:02 (Std) 	[ImageManager] Created image: 'TaharezLook/ButtonRightPushed' (0x26a6c70) of type: BasicImage
16/10/2017 17:32:02 (Std) 	[ImageManager] Created image: 'TaharezLook/ButtonLeftHighlight' (0x26a57f0) of type: BasicImage
16/10/2017 17:32:02 (Std) 	[ImageManager] Created image: 'TaharezLook/ButtonMiddleHighlight' (0x2684690) of type: BasicImage
16/10/2017 17:32:02 (Std) 	[ImageManager] Created image: 'TaharezLook/ButtonRightHighlight' (0x2684930) of type: BasicImage
16/10/2017 17:32:02 (Std) 	[ImageManager] Created image: 'TaharezLook/CheckboxNormal' (0x2684c60) of type: BasicImage
16/10/2017 17:32:02 (Std) 	[ImageManager] Created image: 'TaharezLook/CheckboxHover' (0x2684e70) of type: BasicImage
16/10/2017 17:32:02 (Std) 	[ImageManager] Created image: 'TaharezLook/CheckboxMark' (0x2685080) of type: BasicImage
16/10/2017 17:32:02 (Std) 	[ImageManager] Created image: 'TaharezLook/RadioButtonNormal' (0x2685290) of type: BasicImage
16/10/2017 17:32:02 (Std) 	[ImageManager] Created image: 'TaharezLook/RadioButtonHover' (0x26854a0) of type: BasicImage
16/10/2017 17:32:02 (Std) 	[ImageManager] Created image: 'TaharezLook/RadioButtonMark' (0x26856b0) of type: BasicImage
16/10/2017 17:32:02 (Std) 	[ImageManager] Created image: 'TaharezLook/TitlebarLeft' (0x26858c0) of type: BasicImage
16/10/2017 17:32:02 (Std) 	[ImageManager] Created image: 'TaharezLook/TitlebarMiddle' (0x2685ad0) of type: BasicImage
16/10/2017 17:32:02 (Std) 	[ImageManager] Created image: 'TaharezLook/TitlebarRight' (0x2685ce0) of type: BasicImage
16/10/2017 17:32:02 (Std) 	[ImageManager] Created image: 'TaharezLook/NewTitlebarLeft' (0x2685ef0) of type: BasicImage
16/10/2017 17:32:02 (Std) 	[ImageManager] Created image: 'TaharezLook/NewTitlebarMiddle' (0x2686100) of type: BasicImage
16/10/2017 17:32:02 (Std) 	[ImageManager] Created image: 'TaharezLook/NewTitlebarRight' (0x2686310) of type: BasicImage
16/10/2017 17:32:02 (Std) 	[ImageManager] Created image: 'TaharezLook/SysAreaMiddle' (0x2686520) of type: BasicImage
16/10/2017 17:32:02 (Std) 	[ImageManager] Created image: 'TaharezLook/SysAreaRight' (0x2686730) of type: BasicImage
16/10/2017 17:32:02 (Std) 	[ImageManager] Created image: 'TaharezLook/StaticLeft' (0x2686940) of type: BasicImage
16/10/2017 17:32:02 (Std) 	[ImageManager] Created image: 'TaharezLook/StaticRight' (0x2686b50) of type: BasicImage
16/10/2017 17:32:02 (Std) 	[ImageManager] Created image: 'TaharezLook/StaticTop' (0x2686d60) of type: BasicImage
16/10/2017 17:32:02 (Std) 	[ImageManager] Created image: 'TaharezLook/StaticBottom' (0x2686f70) of type: BasicImage
16/10/2017 17:32:02 (Std) 	[ImageManager] Created image: 'TaharezLook/StaticTopLeft' (0x2687180) of type: BasicImage
16/10/2017 17:32:02 (Std) 	[ImageManager] Created image: 'TaharezLook/StaticTopRight' (0x2687390) of type: BasicImage
16/10/2017 17:32:02 (Std) 	[ImageManager] Created image: 'TaharezLook/StaticBottomLeft' (0x26875a0) of type: BasicImage
16/10/2017 17:32:02 (Std) 	[ImageManager] Created image: 'TaharezLook/StaticBottomRight' (0x26877b0) of type: BasicImage
16/10/2017 17:32:02 (Std) 	[ImageManager] Created image: 'TaharezLook/StaticBackdrop' (0x26879c0) of type: BasicImage
16/10/2017 17:32:02 (Std) 	[ImageManager] Created image: 'TaharezLook/ProgressBarLeft' (0x2687bd0) of type: BasicImage
16/10/2017 17:32:02 (Std) 	[ImageManager] Created image: 'TaharezLook/ProgressBarMiddle' (0x2687de0) of type: BasicImage
16/10/2017 17:32:02 (Std) 	[ImageManager] Created image: 'TaharezLook/ProgressBarRight' (0x2687ff0) of type: BasicImage
16/10/2017 17:32:02 (Std) 	[ImageManager] Created image: 'TaharezLook/ProgressBarDimSegment' (0x2688200) of type: BasicImage
16/10/2017 17:32:02 (Std) 	[ImageManager] Created image: 'TaharezLook/ProgressBarLitSegment' (0x2688530) of type: BasicImage
16/10/2017 17:32:02 (Std) 	[ImageManager] Created image: 'TaharezLook/EditBoxLeft' (0x2688860) of type: BasicImage
16/10/2017 17:32:02 (Std) 	[ImageManager] Created image: 'TaharezLook/EditBoxMiddle' (0x2688a70) of type: BasicImage
16/10/2017 17:32:02 (Std) 	[ImageManager] Created image: 'TaharezLook/EditBoxRight' (0x2688c80) of type: BasicImage
16/10/2017 17:32:02 (Std) 	[ImageManager] Created image: 'TaharezLook/EditBoxCaret' (0x2688e90) of type: BasicImage
16/10/2017 17:32:02 (Std) 	[ImageManager] Created image: 'TaharezLook/SpinnerUpNormal' (0x26890a0) of type: BasicImage
16/10/2017 17:32:02 (Std) 	[ImageManager] Created image: 'TaharezLook/SpinnerDownNormal' (0x26892b0) of type: BasicImage
16/10/2017 17:32:02 (Std) 	[ImageManager] Created image: 'TaharezLook/SpinnerUpHover' (0x26894c0) of type: BasicImage
16/10/2017 17:32:02 (Std) 	[ImageManager] Created image: 'TaharezLook/SpinnerDownHover' (0x25b8990) of type: BasicImage
16/10/2017 17:32:02 (Std) 	[ImageManager] Created image: 'TaharezLook/TextSelectionBrush' (0x25b8ba0) of type: BasicImage
16/10/2017 17:32:02 (Std) 	[ImageManager] Created image: 'TaharezLook/VertScrollTop' (0x25b8db0) of type: BasicImage
16/10/2017 17:32:02 (Std) 	[ImageManager] Created image: 'TaharezLook/VertScrollMiddle' (0x25b8fc0) of type: BasicImage
16/10/2017 17:32:02 (Std) 	[ImageManager] Created image: 'TaharezLook/VertScrollBottom' (0x25b91d0) of type: BasicImage
16/10/2017 17:32:02 (Std) 	[ImageManager] Created image: 'TaharezLook/VertScrollBarSegment' (0x25b93e0) of type: BasicImage
16/10/2017 17:32:02 (Std) 	[ImageManager] Created image: 'TaharezLook/VertScrollThumbNormal' (0x25b9710) of type: BasicImage
16/10/2017 17:32:02 (Std) 	[ImageManager] Created image: 'TaharezLook/VertScrollThumbHover' (0x25b9a40) of type: BasicImage
16/10/2017 17:32:02 (Std) 	[ImageManager] Created image: 'TaharezLook/VertScrollUpNormal' (0x25b9d70) of type: BasicImage
16/10/2017 17:32:02 (Std) 	[ImageManager] Created image: 'TaharezLook/VertScrollDownNormal' (0x25b9f80) of type: BasicImage
16/10/2017 17:32:02 (Std) 	[ImageManager] Created image: 'TaharezLook/VertScrollUpHover' (0x25ba2b0) of type: BasicImage
16/10/2017 17:32:02 (Std) 	[ImageManager] Created image: 'TaharezLook/VertScrollDownHover' (0x25ba4c0) of type: BasicImage
16/10/2017 17:32:02 (Std) 	[ImageManager] Created image: 'TaharezLook/MiniVertScrollBarSegment' (0x25ba6d0) of type: BasicImage
16/10/2017 17:32:02 (Std) 	[ImageManager] Created image: 'TaharezLook/MiniVertScrollThumbNormal' (0x25baac0) of type: BasicImage
16/10/2017 17:32:02 (Std) 	[ImageManager] Created image: 'TaharezLook/MiniVertScrollThumbTopNormal' (0x25bae10) of type: BasicImage
16/10/2017 17:32:02 (Std) 	[ImageManager] Created image: 'TaharezLook/MiniVertScrollThumbMiddleNormal' (0x25bb3c0) of type: BasicImage
16/10/2017 17:32:02 (Std) 	[ImageManager] Created image: 'TaharezLook/MiniVertScrollThumbBottomNormal' (0x26a6e80) of type: BasicImage
16/10/2017 17:32:02 (Std) 	[ImageManager] Created image: 'TaharezLook/MiniVertScrollThumbTopHover' (0x25bba80) of type: BasicImage
16/10/2017 17:32:02 (Std) 	[ImageManager] Created image: 'TaharezLook/MiniVertScrollThumbMiddleHover' (0x25bbea0) of type: BasicImage
16/10/2017 17:32:02 (Std) 	[ImageManager] Created image: 'TaharezLook/MiniVertScrollThumbBottomHover' (0x25bc2f0) of type: BasicImage
16/10/2017 17:32:02 (Std) 	[ImageManager] Created image: 'TaharezLook/MiniVertScrollThumbHover' (0x25bc680) of type: BasicImage
16/10/2017 17:32:02 (Std) 	[ImageManager] Created image: 'TaharezLook/MiniVertScrollUpNormal' (0x25bc9d0) of type: BasicImage
16/10/2017 17:32:02 (Std) 	[ImageManager] Created image: 'TaharezLook/MiniVertScrollDownNormal' (0x25bcd20) of type: BasicImage
16/10/2017 17:32:02 (Std) 	[ImageManager] Created image: 'TaharezLook/MiniVertScrollUpHover' (0x25bd070) of type: BasicImage
16/10/2017 17:32:02 (Std) 	[ImageManager] Created image: 'TaharezLook/MiniVertScrollDownHover' (0x25bd310) of type: BasicImage
16/10/2017 17:32:02 (Std) 	[ImageManager] Created image: 'TaharezLook/VertSliderBody' (0x25bd660) of type: BasicImage
16/10/2017 17:32:02 (Std) 	[ImageManager] Created image: 'TaharezLook/VertSliderThumbNormal' (0x25bd870) of type: BasicImage
16/10/2017 17:32:02 (Std) 	[ImageManager] Created image: 'TaharezLook/VertSliderThumbHover' (0x25bdba0) of type: BasicImage
16/10/2017 17:32:02 (Std) 	[ImageManager] Created image: 'TaharezLook/MiniHorzScrollBarSegment' (0x25bded0) of type: BasicImage
16/10/2017 17:32:02 (Std) 	[ImageManager] Created image: 'TaharezLook/MiniHorzScrollThumbNormal' (0x25be220) of type: BasicImage
16/10/2017 17:32:02 (Std) 	[ImageManager] Created image: 'TaharezLook/MiniHorzScrollThumbLeftNormal' (0x25be570) of type: BasicImage
16/10/2017 17:32:02 (Std) 	[ImageManager] Created image: 'TaharezLook/MiniHorzScrollThumbMiddleNormal' (0x25be8e0) of type: BasicImage
16/10/2017 17:32:02 (Std) 	[ImageManager] Created image: 'TaharezLook/MiniHorzScrollThumbRightNormal' (0x25bec70) of type: BasicImage
16/10/2017 17:32:02 (Std) 	[ImageManager] Created image: 'TaharezLook/MiniHorzScrollThumbHover' (0x25bf000) of type: BasicImage
16/10/2017 17:32:02 (Std) 	[ImageManager] Created image: 'TaharezLook/MiniHorzScrollThumbLeftHover' (0x25bf350) of type: BasicImage
16/10/2017 17:32:02 (Std) 	[ImageManager] Created image: 'TaharezLook/MiniHorzScrollThumbMiddleHover' (0x25bf6c0) of type: BasicImage
16/10/2017 17:32:02 (Std) 	[ImageManager] Created image: 'TaharezLook/MiniHorzScrollThumbRightHover' (0x25bfa50) of type: BasicImage
16/10/2017 17:32:02 (Std) 	[ImageManager] Created image: 'TaharezLook/MiniHorzScrollLeftNormal' (0x25bfdc0) of type: BasicImage
16/10/2017 17:32:02 (Std) 	[ImageManager] Created image: 'TaharezLook/MiniHorzScrollRightNormal' (0x25c0110) of type: BasicImage
16/10/2017 17:32:02 (Std) 	[ImageManager] Created image: 'TaharezLook/MiniHorzScrollLeftHover' (0x25c0460) of type: BasicImage
16/10/2017 17:32:02 (Std) 	[ImageManager] Created image: 'TaharezLook/MiniHorzScrollRightHover' (0x25c07b0) of type: BasicImage
16/10/2017 17:32:02 (Std) 	[ImageManager] Created image: 'TaharezLook/ListboxLeft' (0x25c0b00) of type: BasicImage
16/10/2017 17:32:02 (Std) 	[ImageManager] Created image: 'TaharezLook/ListboxRight' (0x25c0d10) of type: BasicImage
16/10/2017 17:32:02 (Std) 	[ImageManager] Created image: 'TaharezLook/ListboxTop' (0x25c0f20) of type: BasicImage
16/10/2017 17:32:02 (Std) 	[ImageManager] Created image: 'TaharezLook/ListboxBottom' (0x25c1130) of type: BasicImage
16/10/2017 17:32:02 (Std) 	[ImageManager] Created image: 'TaharezLook/ListboxTopLeft' (0x25c1340) of type: BasicImage
16/10/2017 17:32:02 (Std) 	[ImageManager] Created image: 'TaharezLook/ListboxTopRight' (0x25c1550) of type: BasicImage
16/10/2017 17:32:02 (Std) 	[ImageManager] Created image: 'TaharezLook/ListboxBottomLeft' (0x25c1760) of type: BasicImage
16/10/2017 17:32:02 (Std) 	[ImageManager] Created image: 'TaharezLook/ListboxBottomRight' (0x25c1970) of type: BasicImage
16/10/2017 17:32:02 (Std) 	[ImageManager] Created image: 'TaharezLook/ListboxBackdrop' (0x25c1b80) of type: BasicImage
16/10/2017 17:32:02 (Std) 	[ImageManager] Created image: 'TaharezLook/ListboxSelectionBrush' (0x25c1d90) of type: BasicImage
16/10/2017 17:32:02 (Std) 	[ImageManager] Created image: 'TaharezLook/ComboboxEditLeft' (0x25c20c0) of type: BasicImage
16/10/2017 17:32:02 (Std) 	[ImageManager] Created image: 'TaharezLook/ComboboxEditMiddle' (0x25c22d0) of type: BasicImage
16/10/2017 17:32:02 (Std) 	[ImageManager] Created image: 'TaharezLook/ComboboxListButtonNormal' (0x25c24e0) of type: BasicImage
16/10/2017 17:32:02 (Std) 	[ImageManager] Created image: 'TaharezLook/ComboboxListButtonHover' (0x25c2830) of type: BasicImage
16/10/2017 17:32:02 (Std) 	[ImageManager] Created image: 'TaharezLook/ComboboxListLeft' (0x25c2b80) of type: BasicImage
16/10/2017 17:32:02 (Std) 	[ImageManager] Created image: 'TaharezLook/ComboboxListRight' (0x25c2d90) of type: BasicImage
16/10/2017 17:32:02 (Std) 	[ImageManager] Created image: 'TaharezLook/ComboboxListTop' (0x25c2fa0) of type: BasicImage
16/10/2017 17:32:02 (Std) 	[ImageManager] Created image: 'TaharezLook/ComboboxListBottom' (0x25c31b0) of type: BasicImage
16/10/2017 17:32:02 (Std) 	[ImageManager] Created image: 'TaharezLook/ComboboxListTopLeft' (0x25c33c0) of type: BasicImage
16/10/2017 17:32:02 (Std) 	[ImageManager] Created image: 'TaharezLook/ComboboxListTopRight' (0x25c35d0) of type: BasicImage
16/10/2017 17:32:02 (Std) 	[ImageManager] Created image: 'TaharezLook/ComboboxListBottomLeft' (0x25c3900) of type: BasicImage
16/10/2017 17:32:02 (Std) 	[ImageManager] Created image: 'TaharezLook/ComboboxListBottomRight' (0x25c3c50) of type: BasicImage
16/10/2017 17:32:02 (Std) 	[ImageManager] Created image: 'TaharezLook/ComboboxListBackdrop' (0x25c3fa0) of type: BasicImage
16/10/2017 17:32:02 (Std) 	[ImageManager] Created image: 'TaharezLook/ComboboxSelectionBrush' (0x25c42d0) of type: BasicImage
16/10/2017 17:32:02 (Std) 	[ImageManager] Created image: 'TaharezLook/ComboboxDividerLeft' (0x25c4620) of type: BasicImage
16/10/2017 17:32:02 (Std) 	[ImageManager] Created image: 'TaharezLook/ComboboxDividerMiddle' (0x25c4830) of type: BasicImage
16/10/2017 17:32:02 (Std) 	[ImageManager] Created image: 'TaharezLook/ComboboxDividerRight' (0x25c4b60) of type: BasicImage
16/10/2017 17:32:02 (Std) 	[ImageManager] Created image: 'TaharezLook/HeaderBarBackdropNormal' (0x25c4e90) of type: BasicImage
16/10/2017 17:32:02 (Std) 	[ImageManager] Created image: 'TaharezLook/HeaderBarBackdropHover' (0x25c51e0) of type: BasicImage
16/10/2017 17:32:02 (Std) 	[ImageManager] Created image: 'TaharezLook/HeaderBarSplitterNormal' (0x25c5530) of type: BasicImage
16/10/2017 17:32:02 (Std) 	[ImageManager] Created image: 'TaharezLook/HeaderBarSplitterHover' (0x25c5880) of type: BasicImage
16/10/2017 17:32:02 (Std) 	[ImageManager] Created image: 'TaharezLook/HeaderBarSortUp' (0x25c5bd0) of type: BasicImage
16/10/2017 17:32:02 (Std) 	[ImageManager] Created image: 'TaharezLook/HeaderBarSortDown' (0x25c5de0) of type: BasicImage
16/10/2017 17:32:02 (Std) 	[ImageManager] Created image: 'TaharezLook/MultiListLeft' (0x25c5ff0) of type: BasicImage
16/10/2017 17:32:02 (Std) 	[ImageManager] Created image: 'TaharezLook/MultiListRight' (0x25c6200) of type: BasicImage
16/10/2017 17:32:02 (Std) 	[ImageManager] Created image: 'TaharezLook/MultiListTop' (0x25c6410) of type: BasicImage
16/10/2017 17:32:02 (Std) 	[ImageManager] Created image: 'TaharezLook/MultiListBottom' (0x25c6620) of type: BasicImage
16/10/2017 17:32:02 (Std) 	[ImageManager] Created image: 'TaharezLook/MultiListTopLeft' (0x25c6830) of type: BasicImage
16/10/2017 17:32:02 (Std) 	[ImageManager] Created image: 'TaharezLook/MultiListTopRight' (0x25c6a40) of type: BasicImage
16/10/2017 17:32:02 (Std) 	[ImageManager] Created image: 'TaharezLook/MultiListBottomLeft' (0x25c6c50) of type: BasicImage
16/10/2017 17:32:02 (Std) 	[ImageManager] Created image: 'TaharezLook/MultiListBottomRight' (0x25c6e60) of type: BasicImage
16/10/2017 17:32:02 (Std) 	[ImageManager] Created image: 'TaharezLook/MultiListBackdrop' (0x25c7190) of type: BasicImage
16/10/2017 17:32:02 (Std) 	[ImageManager] Created image: 'TaharezLook/MultiListSelectionBrush' (0x25c73a0) of type: BasicImage
16/10/2017 17:32:02 (Std) 	[ImageManager] Created image: 'TaharezLook/AltProgressLeft' (0x25c76f0) of type: BasicImage
16/10/2017 17:32:02 (Std) 	[ImageManager] Created image: 'TaharezLook/AltProgressMiddle' (0x25c7900) of type: BasicImage
16/10/2017 17:32:02 (Std) 	[ImageManager] Created image: 'TaharezLook/AltProgressRight' (0x25c7b10) of type: BasicImage
16/10/2017 17:32:02 (Std) 	[ImageManager] Created image: 'TaharezLook/AltProgressQuarter' (0x25c7d20) of type: BasicImage
16/10/2017 17:32:02 (Std) 	[ImageManager] Created image: 'TaharezLook/AltProgressHalf' (0x25c7f30) of type: BasicImage
16/10/2017 17:32:02 (Std) 	[ImageManager] Created image: 'TaharezLook/AltProgressLight1' (0x25c8140) of type: BasicImage
16/10/2017 17:32:02 (Std) 	[ImageManager] Created image: 'TaharezLook/AltProgressLight2' (0x25c8350) of type: BasicImage
16/10/2017 17:32:02 (Std) 	[ImageManager] Created image: 'TaharezLook/AltProgressLight3' (0x25c8560) of type: BasicImage
16/10/2017 17:32:02 (Std) 	[ImageManager] Created image: 'TaharezLook/AltProgressLight4' (0x25c8770) of type: BasicImage
16/10/2017 17:32:02 (Std) 	[ImageManager] Created image: 'TaharezLook/AltProgressLight5' (0x25c8980) of type: BasicImage
16/10/2017 17:32:02 (Std) 	[ImageManager] Created image: 'TaharezLook/AltProgressLight6' (0x25c8b90) of type: BasicImage
16/10/2017 17:32:02 (Std) 	[ImageManager] Created image: 'TaharezLook/AltProgressLight7' (0x25c8da0) of type: BasicImage
16/10/2017 17:32:02 (Std) 	[ImageManager] Created image: 'TaharezLook/AltProgressLight8' (0x25c8fb0) of type: BasicImage
16/10/2017 17:32:02 (Std) 	[ImageManager] Created image: 'TaharezLook/AltProgressLight9' (0x25c91c0) of type: BasicImage
16/10/2017 17:32:02 (Std) 	[ImageManager] Created image: 'TaharezLook/AltProgressLight10' (0x25c93d0) of type: BasicImage
16/10/2017 17:32:02 (Std) 	[ImageManager] Created image: 'TaharezLook/CloseButtonNormal' (0x25c95e0) of type: BasicImage
16/10/2017 17:32:02 (Std) 	[ImageManager] Created image: 'TaharezLook/CloseButtonHover' (0x25c97f0) of type: BasicImage
16/10/2017 17:32:02 (Std) 	[ImageManager] Created image: 'TaharezLook/CloseButtonPressed' (0x25c9a00) of type: BasicImage
16/10/2017 17:32:02 (Std) 	[ImageManager] Created image: 'TaharezLook/NewCloseButtonNormal' (0x25c9c10) of type: BasicImage
16/10/2017 17:32:02 (Std) 	[ImageManager] Created image: 'TaharezLook/NewCloseButtonHover' (0x25c9f40) of type: BasicImage
16/10/2017 17:32:02 (Std) 	[ImageManager] Created image: 'TaharezLook/NewCloseButtonPressed' (0x25ca150) of type: BasicImage
16/10/2017 17:32:02 (Std) 	[ImageManager] Created image: 'TaharezLook/MultiLineEditboxLeft' (0x25ca480) of type: BasicImage
16/10/2017 17:32:02 (Std) 	[ImageManager] Created image: 'TaharezLook/MultiLineEditboxRight' (0x25ca7b0) of type: BasicImage
16/10/2017 17:32:02 (Std) 	[ImageManager] Created image: 'TaharezLook/MultiLineEditboxTop' (0x25caae0) of type: BasicImage
16/10/2017 17:32:02 (Std) 	[ImageManager] Created image: 'TaharezLook/MultiLineEditboxBottom' (0x25cacf0) of type: BasicImage
16/10/2017 17:32:02 (Std) 	[ImageManager] Created image: 'TaharezLook/MultiLineEditboxTopLeft' (0x25cb040) of type: BasicImage
16/10/2017 17:32:02 (Std) 	[ImageManager] Created image: 'TaharezLook/MultiLineEditboxTopRight' (0x25cb390) of type: BasicImage
16/10/2017 17:32:02 (Std) 	[ImageManager] Created image: 'TaharezLook/MultiLineEditboxBottomLeft' (0x25cb6e0) of type: BasicImage
16/10/2017 17:32:02 (Std) 	[ImageManager] Created image: 'TaharezLook/MultiLineEditboxBottomRight' (0x25cba50) of type: BasicImage
16/10/2017 17:32:02 (Std) 	[ImageManager] Created image: 'TaharezLook/MultiLineEditboxBackdrop' (0x25cbdc0) of type: BasicImage
16/10/2017 17:32:02 (Std) 	[ImageManager] Created image: 'TaharezLook/MultiLineEditboxSelectionBrush' (0x25cc110) of type: BasicImage
16/10/2017 17:32:02 (Std) 	[ImageManager] Created image: 'TaharezLook/MouseTarget' (0x25ccae0) of type: BasicImage
16/10/2017 17:32:02 (Std) 	[ImageManager] Created image: 'TaharezLook/MouseArrow' (0x25cc4a0) of type: BasicImage
16/10/2017 17:32:02 (Std) 	[ImageManager] Created image: 'TaharezLook/MouseMoveCursor' (0x25cd030) of type: BasicImage
16/10/2017 17:32:02 (Std) 	[ImageManager] Created image: 'TaharezLook/MouseNoSoCursor' (0x25cd240) of type: BasicImage
16/10/2017 17:32:02 (Std) 	[ImageManager] Created image: 'TaharezLook/MouseEsWeCursor' (0x25cd450) of type: BasicImage
16/10/2017 17:32:02 (Std) 	[ImageManager] Created image: 'TaharezLook/MouseNeSwCursor' (0x25cd660) of type: BasicImage
16/10/2017 17:32:02 (Std) 	[ImageManager] Created image: 'TaharezLook/MouseNwSeCursor' (0x25cd870) of type: BasicImage
16/10/2017 17:32:02 (Std) 	[ImageManager] Created image: 'TaharezLook/MouseTextBar' (0x25cda80) of type: BasicImage
16/10/2017 17:32:02 (Std) 	[ImageManager] Created image: 'TaharezLook/TabHorizontalFiller' (0x25ccd10) of type: BasicImage
16/10/2017 17:32:02 (Std) 	[ImageManager] Created image: 'TaharezLook/TabContentPaneUpperLeft' (0x25cc6b0) of type: BasicImage
16/10/2017 17:32:02 (Std) 	[ImageManager] Created image: 'TaharezLook/TabContentPaneUpper' (0x25cdc90) of type: BasicImage
16/10/2017 17:32:02 (Std) 	[ImageManager] Created image: 'TaharezLook/TabContentPaneUpperRight' (0x25cdea0) of type: BasicImage
16/10/2017 17:32:02 (Std) 	[ImageManager] Created image: 'TaharezLook/TabContentPaneLeft' (0x25ce1f0) of type: BasicImage
16/10/2017 17:32:02 (Std) 	[ImageManager] Created image: 'TaharezLook/TabContentPaneRight' (0x25ce400) of type: BasicImage
16/10/2017 17:32:02 (Std) 	[ImageManager] Created image: 'TaharezLook/TabContentPaneLower' (0x25ce610) of type: BasicImage
16/10/2017 17:32:02 (Std) 	[ImageManager] Created image: 'TaharezLook/TabContentPaneLowerLeft' (0x25ce820) of type: BasicImage
16/10/2017 17:32:02 (Std) 	[ImageManager] Created image: 'TaharezLook/TabContentPaneLowerRight' (0x25ceb70) of type: BasicImage
16/10/2017 17:32:02 (Std) 	[ImageManager] Created image: 'TaharezLook/TabContentPaneMiddle' (0x25ceec0) of type: BasicImage
16/10/2017 17:32:02 (Std) 	[ImageManager] Created image: 'TaharezLook/TabButtonScrollLeftNormal' (0x25cf1f0) of type: BasicImage
16/10/2017 17:32:02 (Std) 	[ImageManager] Created image: 'TaharezLook/TabButtonScrollRightNormal' (0x25cf540) of type: BasicImage
16/10/2017 17:32:02 (Std) 	[ImageManager] Created image: 'TaharezLook/TabButtonScrollLeftHover' (0x25cf8b0) of type: BasicImage
16/10/2017 17:32:02 (Std) 	[ImageManager] Created image: 'TaharezLook/TabButtonScrollRightHover' (0x25cfc00) of type: BasicImage
16/10/2017 17:32:02 (Std) 	[ImageManager] Created image: 'TaharezLook/TabButtonLeftNormal' (0x25cff50) of type: BasicImage
16/10/2017 17:32:02 (Std) 	[ImageManager] Created image: 'TaharezLook/TabButtonRightNormal' (0x25d0160) of type: BasicImage
16/10/2017 17:32:02 (Std) 	[ImageManager] Created image: 'TaharezLook/TabButtonUpperNormal' (0x25d0490) of type: BasicImage
16/10/2017 17:32:02 (Std) 	[ImageManager] Created image: 'TaharezLook/TabButtonLowerNormal' (0x25d07c0) of type: BasicImage
16/10/2017 17:32:02 (Std) 	[ImageManager] Created image: 'TaharezLook/TabButtonUpperLeftNormal' (0x25d0af0) of type: BasicImage
16/10/2017 17:32:02 (Std) 	[ImageManager] Created image: 'TaharezLook/TabButtonUpperLeft2Normal' (0x25d0e40) of type: BasicImage
16/10/2017 17:32:02 (Std) 	[ImageManager] Created image: 'TaharezLook/TabButtonUpperRightNormal' (0x25d1190) of type: BasicImage
16/10/2017 17:32:02 (Std) 	[ImageManager] Created image: 'TaharezLook/TabButtonLowerLeftNormal' (0x25d14e0) of type: BasicImage
16/10/2017 17:32:02 (Std) 	[ImageManager] Created image: 'TaharezLook/TabButtonLowerRightNormal' (0x25d1830) of type: BasicImage
16/10/2017 17:32:02 (Std) 	[ImageManager] Created image: 'TaharezLook/TabButtonLowerRight2Normal' (0x25d1b80) of type: BasicImage
16/10/2017 17:32:02 (Std) 	[ImageManager] Created image: 'TaharezLook/TabButtonMiddleNormal' (0x25d1ef0) of type: BasicImage
16/10/2017 17:32:02 (Std) 	[ImageManager] Created image: 'TaharezLook/TabButtonLeftSelected' (0x25d2220) of type: BasicImage
16/10/2017 17:32:02 (Std) 	[ImageManager] Created image: 'TaharezLook/TabButtonRightSelected' (0x25d2550) of type: BasicImage
16/10/2017 17:32:02 (Std) 	[ImageManager] Created image: 'TaharezLook/TabButtonUpperSelected' (0x25d28a0) of type: BasicImage
16/10/2017 17:32:02 (Std) 	[ImageManager] Created image: 'TaharezLook/TabButtonLowerSelected' (0x25d2bf0) of type: BasicImage
16/10/2017 17:32:02 (Std) 	[ImageManager] Created image: 'TaharezLook/TabButtonUpperLeftSelected' (0x25d2f40) of type: BasicImage
16/10/2017 17:32:02 (Std) 	[ImageManager] Created image: 'TaharezLook/TabButtonUpperRightSelected' (0x25d32b0) of type: BasicImage
16/10/2017 17:32:02 (Std) 	[ImageManager] Created image: 'TaharezLook/TabButtonLowerLeftSelected' (0x25d3620) of type: BasicImage
16/10/2017 17:32:02 (Std) 	[ImageManager] Created image: 'TaharezLook/TabButtonLowerRightSelected' (0x25d3990) of type: BasicImage
16/10/2017 17:32:02 (Std) 	[ImageManager] Created image: 'TaharezLook/TabButtonMiddleSelected' (0x25d3d00) of type: BasicImage
16/10/2017 17:32:02 (Std) 	[ImageManager] Created image: 'TaharezLook/TooltipTopLeft' (0x25d4050) of type: BasicImage
16/10/2017 17:32:02 (Std) 	[ImageManager] Created image: 'TaharezLook/TooltipTopRight' (0x25d4260) of type: BasicImage
16/10/2017 17:32:02 (Std) 	[ImageManager] Created image: 'TaharezLook/TooltipBottomLeft' (0x25d4470) of type: BasicImage
16/10/2017 17:32:02 (Std) 	[ImageManager] Created image: 'TaharezLook/TooltipBottomRight' (0x25d4680) of type: BasicImage
16/10/2017 17:32:02 (Std) 	[ImageManager] Created image: 'TaharezLook/TooltipLeftEdge' (0x25d4890) of type: BasicImage
16/10/2017 17:32:02 (Std) 	[ImageManager] Created image: 'TaharezLook/TooltipRightEdge' (0x25d4aa0) of type: BasicImage
16/10/2017 17:32:02 (Std) 	[ImageManager] Created image: 'TaharezLook/TooltipTopEdge' (0x25d4cb0) of type: BasicImage
16/10/2017 17:32:02 (Std) 	[ImageManager] Created image: 'TaharezLook/TooltipBottomEdge' (0x25d4ec0) of type: BasicImage
16/10/2017 17:32:02 (Std) 	[ImageManager] Created image: 'TaharezLook/TooltipMiddle' (0x25d50d0) of type: BasicImage
16/10/2017 17:32:02 (Std) 	[ImageManager] Created image: 'TaharezLook/MenuTopLeft' (0x25d52e0) of type: BasicImage
16/10/2017 17:32:02 (Std) 	[ImageManager] Created image: 'TaharezLook/MenuTopRight' (0x25d54f0) of type: BasicImage
16/10/2017 17:32:02 (Std) 	[ImageManager] Created image: 'TaharezLook/MenuBottomLeft' (0x25d5700) of type: BasicImage
16/10/2017 17:32:02 (Std) 	[ImageManager] Created image: 'TaharezLook/MenuBottomRight' (0x25d5910) of type: BasicImage
16/10/2017 17:32:02 (Std) 	[ImageManager] Created image: 'TaharezLook/MenuLeft' (0x25d5b20) of type: BasicImage
16/10/2017 17:32:02 (Std) 	[ImageManager] Created image: 'TaharezLook/MenuRight' (0x25d5d30) of type: BasicImage
16/10/2017 17:32:02 (Std) 	[ImageManager] Created image: 'TaharezLook/MenuTop' (0x25d5f40) of type: BasicImage
16/10/2017 17:32:02 (Std) 	[ImageManager] Created image: 'TaharezLook/MenuBottom' (0x25d6150) of type: BasicImage
16/10/2017 17:32:02 (Std) 	[ImageManager] Created image: 'TaharezLook/MenuMiddle' (0x25d6360) of type: BasicImage
16/10/2017 17:32:02 (Std) 	[ImageManager] Created image: 'TaharezLook/PopupMenuFrameTopLeft' (0x25d6570) of type: BasicImage
16/10/2017 17:32:02 (Std) 	[ImageManager] Created image: 'TaharezLook/PopupMenuFrameTopRight' (0x25d68a0) of type: BasicImage
16/10/2017 17:32:02 (Std) 	[ImageManager] Created image: 'TaharezLook/PopupMenuFrameBottomLeft' (0x25d6bf0) of type: BasicImage
16/10/2017 17:32:02 (Std) 	[ImageManager] Created image: 'TaharezLook/PopupMenuFrameBottomRight' (0x25d6f40) of type: BasicImage
16/10/2017 17:32:02 (Std) 	[ImageManager] Created image: 'TaharezLook/PopupMenuFrameLeft' (0x25d7290) of type: BasicImage
16/10/2017 17:32:02 (Std) 	[ImageManager] Created image: 'TaharezLook/PopupMenuFrameRight' (0x25d74a0) of type: BasicImage
16/10/2017 17:32:02 (Std) 	[ImageManager] Created image: 'TaharezLook/PopupMenuFrameTop' (0x25d76b0) of type: BasicImage
16/10/2017 17:32:02 (Std) 	[ImageManager] Created image: 'TaharezLook/PopupMenuFrameBottom' (0x25d78c0) of type: BasicImage
16/10/2017 17:32:02 (Std) 	[ImageManager] Created image: 'TaharezLook/PopupMenuMiddle' (0x25d7bf0) of type: BasicImage
16/10/2017 17:32:02 (Std) 	[ImageManager] Created image: 'TaharezLook/PopupMenuArrowRight' (0x25d7e00) of type: BasicImage
16/10/2017 17:32:02 (Std) 	[ImageManager] Created image: 'TaharezLook/PopupMenuArrowLeft' (0x25d8010) of type: BasicImage
16/10/2017 17:32:02 (Std) 	[ImageManager] Created image: 'TaharezLook/TreeListClosed' (0x25d8220) of type: BasicImage
16/10/2017 17:32:02 (Std) 	[ImageManager] Created image: 'TaharezLook/TreeListOpened' (0x25d8430) of type: BasicImage
16/10/2017 17:32:02 (Std) 	[ImageManager] Created image: 'TaharezLook/UpArrow' (0x25d8640) of type: BasicImage
16/10/2017 17:32:02 (Error)	The C locale for LC_NUMERIC and/or LC_ALL is not set to "C". However, CEGUI is only ensured to parse strings and numbers correctly under the condition that the locale is set to "C". This is required, for example, when parsing files or converting from a (property-) value to a String (or vice-versa). If your code or one of your libraries change the locale (typically, by using the function "setlocale"), please set the locale back to the default everytime before a relevant call to CEGUI is issued to ensure that the parsing will be functional and correct. If you know what you are doing and there are no issues whatsoever, you may ignore this error message.
16/10/2017 17:32:02 (Error)	The C locale for LC_NUMERIC and/or LC_ALL is not set to "C". However, CEGUI is only ensured to parse strings and numbers correctly under the condition that the locale is set to "C". This is required, for example, when parsing files or converting from a (property-) value to a String (or vice-versa). If your code or one of your libraries change the locale (typically, by using the function "setlocale"), please set the locale back to the default everytime before a relevant call to CEGUI is issued to ensure that the parsing will be functional and correct. If you know what you are doing and there are no issues whatsoever, you may ignore this error message.
16/10/2017 17:32:02 (Std) 	===== Falagard 'root' element: look and feel parsing begins =====
16/10/2017 17:32:02 (Std) 	===== Look and feel parsing completed =====
16/10/2017 17:32:02 (Std) 	No window renderer factories specified for module 'CEGUICoreWindowRendererSet' - adding all available factories...
16/10/2017 17:32:02 (Std) 	Created WindowRendererFactory for 'Core/Button' WindowRenderers.
16/10/2017 17:32:02 (Std) 	WindowRendererFactory 'Core/Button' added. (0x26a47a0)
16/10/2017 17:32:02 (Std) 	Created WindowRendererFactory for 'Core/Default' WindowRenderers.
16/10/2017 17:32:02 (Std) 	WindowRendererFactory 'Core/Default' added. (0x29a72b0)
16/10/2017 17:32:02 (Std) 	Created WindowRendererFactory for 'Core/Editbox' WindowRenderers.
16/10/2017 17:32:02 (Std) 	WindowRendererFactory 'Core/Editbox' added. (0x29a7450)
16/10/2017 17:32:02 (Std) 	Created WindowRendererFactory for 'Core/FrameWindow' WindowRenderers.
16/10/2017 17:32:02 (Std) 	WindowRendererFactory 'Core/FrameWindow' added. (0x29f05c0)
16/10/2017 17:32:02 (Std) 	Created WindowRendererFactory for 'Core/ItemEntry' WindowRenderers.
16/10/2017 17:32:02 (Std) 	WindowRendererFactory 'Core/ItemEntry' added. (0x2955740)
16/10/2017 17:32:02 (Std) 	Created WindowRendererFactory for 'Core/ListHeader' WindowRenderers.
16/10/2017 17:32:02 (Std) 	WindowRendererFactory 'Core/ListHeader' added. (0x29558e0)
16/10/2017 17:32:02 (Std) 	Created WindowRendererFactory for 'Core/ListHeaderSegment' WindowRenderers.
16/10/2017 17:32:02 (Std) 	WindowRendererFactory 'Core/ListHeaderSegment' added. (0x2955a80)
16/10/2017 17:32:02 (Std) 	Created WindowRendererFactory for 'Core/Listbox' WindowRenderers.
16/10/2017 17:32:02 (Std) 	WindowRendererFactory 'Core/Listbox' added. (0x28543a0)
16/10/2017 17:32:02 (Std) 	Created WindowRendererFactory for 'Core/Menubar' WindowRenderers.
16/10/2017 17:32:02 (Std) 	WindowRendererFactory 'Core/Menubar' added. (0x2854540)
16/10/2017 17:32:02 (Std) 	Created WindowRendererFactory for 'Core/MenuItem' WindowRenderers.
16/10/2017 17:32:02 (Std) 	WindowRendererFactory 'Core/MenuItem' added. (0x2854600)
16/10/2017 17:32:02 (Std) 	Created WindowRendererFactory for 'Core/MultiColumnList' WindowRenderers.
16/10/2017 17:32:02 (Std) 	WindowRendererFactory 'Core/MultiColumnList' added. (0x29e6e90)
16/10/2017 17:32:02 (Std) 	Created WindowRendererFactory for 'Core/MultiLineEditbox' WindowRenderers.
16/10/2017 17:32:02 (Std) 	WindowRendererFactory 'Core/MultiLineEditbox' added. (0x29e7030)
16/10/2017 17:32:02 (Std) 	Created WindowRendererFactory for 'Core/PopupMenu' WindowRenderers.
16/10/2017 17:32:02 (Std) 	WindowRendererFactory 'Core/PopupMenu' added. (0x29fdc00)
16/10/2017 17:32:02 (Std) 	Created WindowRendererFactory for 'Core/ProgressBar' WindowRenderers.
16/10/2017 17:32:02 (Std) 	WindowRendererFactory 'Core/ProgressBar' added. (0x29fdda0)
16/10/2017 17:32:02 (Std) 	Created WindowRendererFactory for 'Core/ScrollablePane' WindowRenderers.
16/10/2017 17:32:02 (Std) 	WindowRendererFactory 'Core/ScrollablePane' added. (0x29f10a0)
16/10/2017 17:32:02 (Std) 	Created WindowRendererFactory for 'Core/Scrollbar' WindowRenderers.
16/10/2017 17:32:02 (Std) 	WindowRendererFactory 'Core/Scrollbar' added. (0x29f1240)
16/10/2017 17:32:02 (Std) 	Created WindowRendererFactory for 'Core/Slider' WindowRenderers.
16/10/2017 17:32:02 (Std) 	WindowRendererFactory 'Core/Slider' added. (0x29f13e0)
16/10/2017 17:32:02 (Std) 	Created WindowRendererFactory for 'Core/Static' WindowRenderers.
16/10/2017 17:32:02 (Std) 	WindowRendererFactory 'Core/Static' added. (0x29f14a0)
16/10/2017 17:32:02 (Std) 	Created WindowRendererFactory for 'Core/StaticImage' WindowRenderers.
16/10/2017 17:32:02 (Std) 	WindowRendererFactory 'Core/StaticImage' added. (0x29e6220)
16/10/2017 17:32:02 (Std) 	Created WindowRendererFactory for 'Core/StaticText' WindowRenderers.
16/10/2017 17:32:02 (Std) 	WindowRendererFactory 'Core/StaticText' added. (0x29f1a70)
16/10/2017 17:32:02 (Std) 	Created WindowRendererFactory for 'Core/TabButton' WindowRenderers.
16/10/2017 17:32:02 (Std) 	WindowRendererFactory 'Core/TabButton' added. (0x29f1c10)
16/10/2017 17:32:02 (Std) 	Created WindowRendererFactory for 'Core/TabControl' WindowRenderers.
16/10/2017 17:32:02 (Std) 	WindowRendererFactory 'Core/TabControl' added. (0x29f1db0)
16/10/2017 17:32:02 (Std) 	Created WindowRendererFactory for 'Core/Titlebar' WindowRenderers.
16/10/2017 17:32:02 (Std) 	WindowRendererFactory 'Core/Titlebar' added. (0x29f1f50)
16/10/2017 17:32:02 (Std) 	Created WindowRendererFactory for 'Core/ToggleButton' WindowRenderers.
16/10/2017 17:32:02 (Std) 	WindowRendererFactory 'Core/ToggleButton' added. (0x29f20f0)
16/10/2017 17:32:02 (Std) 	Created WindowRendererFactory for 'Core/Tooltip' WindowRenderers.
16/10/2017 17:32:02 (Std) 	WindowRendererFactory 'Core/Tooltip' added. (0x2683810)
16/10/2017 17:32:02 (Std) 	Created WindowRendererFactory for 'Core/ItemListbox' WindowRenderers.
16/10/2017 17:32:02 (Std) 	WindowRendererFactory 'Core/ItemListbox' added. (0x26839b0)
16/10/2017 17:32:02 (Std) 	Created WindowRendererFactory for 'Core/Tree' WindowRenderers.
16/10/2017 17:32:02 (Std) 	WindowRendererFactory 'Core/Tree' added. (0x2683b50)
16/10/2017 17:32:02 (Std) 	Creating falagard mapping for type 'TaharezLook/Label' using base type 'DefaultWindow', window renderer 'Core/Default' Look'N'Feel 'TaharezLook/Label' and RenderEffect ''. (0x7ffde3a8d560)
16/10/2017 17:32:02 (Std) 	Creating falagard mapping for type 'TaharezLook/Button' using base type 'CEGUI/PushButton', window renderer 'Core/Button' Look'N'Feel 'TaharezLook/Button' and RenderEffect ''. (0x7ffde3a8d560)
16/10/2017 17:32:02 (Std) 	Creating falagard mapping for type 'TaharezLook/Checkbox' using base type 'CEGUI/ToggleButton', window renderer 'Core/ToggleButton' Look'N'Feel 'TaharezLook/Checkbox' and RenderEffect ''. (0x7ffde3a8d560)
16/10/2017 17:32:02 (Std) 	Creating falagard mapping for type 'TaharezLook/ImageButton' using base type 'CEGUI/PushButton', window renderer 'Core/Button' Look'N'Feel 'TaharezLook/ImageButton' and RenderEffect ''. (0x7ffde3a8d560)
16/10/2017 17:32:02 (Std) 	Creating falagard mapping for type 'TaharezLook/RadioButton' using base type 'CEGUI/RadioButton', window renderer 'Core/ToggleButton' Look'N'Feel 'TaharezLook/RadioButton' and RenderEffect ''. (0x7ffde3a8d560)
16/10/2017 17:32:02 (Std) 	Creating falagard mapping for type 'TaharezLook/FrameWindow' using base type 'CEGUI/FrameWindow', window renderer 'Core/FrameWindow' Look'N'Feel 'TaharezLook/FrameWindow' and RenderEffect ''. (0x7ffde3a8d560)
16/10/2017 17:32:02 (Std) 	Creating falagard mapping for type 'TaharezLook/Titlebar' using base type 'CEGUI/Titlebar', window renderer 'Core/Titlebar' Look'N'Feel 'TaharezLook/Titlebar' and RenderEffect ''. (0x7ffde3a8d560)
16/10/2017 17:32:02 (Std) 	Creating falagard mapping for type 'TaharezLook/Editbox' using base type 'CEGUI/Editbox', window renderer 'Core/Editbox' Look'N'Feel 'TaharezLook/Editbox' and RenderEffect ''. (0x7ffde3a8d560)
16/10/2017 17:32:02 (Std) 	Creating falagard mapping for type 'TaharezLook/MultiLineEditbox' using base type 'CEGUI/MultiLineEditbox', window renderer 'Core/MultiLineEditbox' Look'N'Feel 'TaharezLook/MultiLineEditbox' and RenderEffect ''. (0x7ffde3a8d560)
16/10/2017 17:32:02 (Std) 	Creating falagard mapping for type 'TaharezLook/Menubar' using base type 'CEGUI/Menubar', window renderer 'Core/Menubar' Look'N'Feel 'TaharezLook/Menubar' and RenderEffect ''. (0x7ffde3a8d560)
16/10/2017 17:32:02 (Std) 	Creating falagard mapping for type 'TaharezLook/PopupMenu' using base type 'CEGUI/PopupMenu', window renderer 'Core/PopupMenu' Look'N'Feel 'TaharezLook/PopupMenu' and RenderEffect ''. (0x7ffde3a8d560)
16/10/2017 17:32:02 (Std) 	Creating falagard mapping for type 'TaharezLook/MenuItem' using base type 'CEGUI/MenuItem', window renderer 'Core/MenuItem' Look'N'Feel 'TaharezLook/MenuItem' and RenderEffect ''. (0x7ffde3a8d560)
16/10/2017 17:32:02 (Std) 	Creating falagard mapping for type 'TaharezLook/AlternateProgressBar' using base type 'CEGUI/ProgressBar', window renderer 'Core/ProgressBar' Look'N'Feel 'TaharezLook/AltProgressBar' and RenderEffect ''. (0x7ffde3a8d560)
16/10/2017 17:32:02 (Std) 	Creating falagard mapping for type 'TaharezLook/ProgressBar' using base type 'CEGUI/ProgressBar', window renderer 'Core/ProgressBar' Look'N'Feel 'TaharezLook/ProgressBar' and RenderEffect ''. (0x7ffde3a8d560)
16/10/2017 17:32:02 (Std) 	Creating falagard mapping for type 'TaharezLook/VUMeter' using base type 'CEGUI/ProgressBar', window renderer 'Core/ProgressBar' Look'N'Feel 'TaharezLook/VUMeter' and RenderEffect ''. (0x7ffde3a8d560)
16/10/2017 17:32:02 (Std) 	Creating falagard mapping for type 'TaharezLook/VerticalScrollbar' using base type 'CEGUI/Scrollbar', window renderer 'Core/Scrollbar' Look'N'Feel 'TaharezLook/VerticalScrollbar' and RenderEffect ''. (0x7ffde3a8d560)
16/10/2017 17:32:02 (Std) 	Creating falagard mapping for type 'TaharezLook/HorizontalScrollbar' using base type 'CEGUI/Scrollbar', window renderer 'Core/Scrollbar' Look'N'Feel 'TaharezLook/HorizontalScrollbar' and RenderEffect ''. (0x7ffde3a8d560)
16/10/2017 17:32:02 (Std) 	Creating falagard mapping for type 'TaharezLook/VerticalScrollbarThumb' using base type 'CEGUI/Thumb', window renderer 'Core/Button' Look'N'Feel 'TaharezLook/VerticalScrollbarThumb' and RenderEffect ''. (0x7ffde3a8d560)
16/10/2017 17:32:02 (Std) 	Creating falagard mapping for type 'TaharezLook/HorizontalScrollbarThumb' using base type 'CEGUI/Thumb', window renderer 'Core/Button' Look'N'Feel 'TaharezLook/HorizontalScrollbarThumb' and RenderEffect ''. (0x7ffde3a8d560)
16/10/2017 17:32:02 (Std) 	Creating falagard mapping for type 'TaharezLook/LargeVerticalScrollbar' using base type 'CEGUI/Scrollbar', window renderer 'Core/Scrollbar' Look'N'Feel 'TaharezLook/LargeVerticalScrollbar' and RenderEffect ''. (0x7ffde3a8d560)
16/10/2017 17:32:02 (Std) 	Creating falagard mapping for type 'TaharezLook/LargeVerticalScrollbarThumb' using base type 'CEGUI/Thumb', window renderer 'Core/Button' Look'N'Feel 'TaharezLook/LargeVerticalScrollbarThumb' and RenderEffect ''. (0x7ffde3a8d560)
16/10/2017 17:32:02 (Std) 	Creating falagard mapping for type 'TaharezLook/TabButton' using base type 'CEGUI/TabButton', window renderer 'Core/TabButton' Look'N'Feel 'TaharezLook/TabButton' and RenderEffect ''. (0x7ffde3a8d560)
16/10/2017 17:32:02 (Std) 	Creating falagard mapping for type 'TaharezLook/TabControl' using base type 'CEGUI/TabControl', window renderer 'Core/TabControl' Look'N'Feel 'TaharezLook/TabControl' and RenderEffect ''. (0x7ffde3a8d560)
16/10/2017 17:32:02 (Std) 	Creating falagard mapping for type 'TaharezLook/TabContentPane' using base type 'DefaultWindow', window renderer 'Core/Default' Look'N'Feel 'TaharezLook/TabContentPane' and RenderEffect ''. (0x7ffde3a8d560)
16/10/2017 17:32:02 (Std) 	Creating falagard mapping for type 'TaharezLook/TabButtonPane' using base type 'DefaultWindow', window renderer 'Core/Default' Look'N'Feel 'TaharezLook/TabButtonPane' and RenderEffect ''. (0x7ffde3a8d560)
16/10/2017 17:32:02 (Std) 	Creating falagard mapping for type 'TaharezLook/ComboDropList' using base type 'CEGUI/ComboDropList', window renderer 'Core/Listbox' Look'N'Feel 'TaharezLook/ComboDropList' and RenderEffect ''. (0x7ffde3a8d560)
16/10/2017 17:32:02 (Std) 	Creating falagard mapping for type 'TaharezLook/ComboEditbox' using base type 'CEGUI/Editbox', window renderer 'Core/Editbox' Look'N'Feel 'TaharezLook/ComboEditbox' and RenderEffect ''. (0x7ffde3a8d560)
16/10/2017 17:32:02 (Std) 	Creating falagard mapping for type 'TaharezLook/Combobox' using base type 'CEGUI/Combobox', window renderer 'Core/Default' Look'N'Feel 'TaharezLook/Combobox' and RenderEffect ''. (0x7ffde3a8d560)
16/10/2017 17:32:02 (Std) 	Creating falagard mapping for type 'TaharezLook/Listbox' using base type 'CEGUI/Listbox', window renderer 'Core/Listbox' Look'N'Feel 'TaharezLook/Listbox' and RenderEffect ''. (0x7ffde3a8d560)
16/10/2017 17:32:02 (Std) 	Creating falagard mapping for type 'TaharezLook/ListHeader' using base type 'CEGUI/ListHeader', window renderer 'Core/ListHeader' Look'N'Feel 'TaharezLook/ListHeader' and RenderEffect ''. (0x7ffde3a8d560)
16/10/2017 17:32:02 (Std) 	Creating falagard mapping for type 'TaharezLook/ListHeaderSegment' using base type 'CEGUI/ListHeaderSegment', window renderer 'Core/ListHeaderSegment' Look'N'Feel 'TaharezLook/ListHeaderSegment' and RenderEffect ''. (0x7ffde3a8d560)
16/10/2017 17:32:02 (Std) 	Creating falagard mapping for type 'TaharezLook/MultiColumnList' using base type 'CEGUI/MultiColumnList', window renderer 'Core/MultiColumnList' Look'N'Feel 'TaharezLook/MultiColumnList' and RenderEffect ''. (0x7ffde3a8d560)
16/10/2017 17:32:02 (Std) 	Creating falagard mapping for type 'TaharezLook/Slider' using base type 'CEGUI/Slider', window renderer 'Core/Slider' Look'N'Feel 'TaharezLook/Slider' and RenderEffect ''. (0x7ffde3a8d560)
16/10/2017 17:32:02 (Std) 	Creating falagard mapping for type 'TaharezLook/SliderThumb' using base type 'CEGUI/Thumb', window renderer 'Core/Button' Look'N'Feel 'TaharezLook/SliderThumb' and RenderEffect ''. (0x7ffde3a8d560)
16/10/2017 17:32:02 (Std) 	Creating falagard mapping for type 'TaharezLook/ScrollablePane' using base type 'CEGUI/ScrollablePane', window renderer 'Core/ScrollablePane' Look'N'Feel 'TaharezLook/ScrollablePane' and RenderEffect ''. (0x7ffde3a8d560)
16/10/2017 17:32:02 (Std) 	Creating falagard mapping for type 'TaharezLook/Spinner' using base type 'CEGUI/Spinner', window renderer 'Core/Default' Look'N'Feel 'TaharezLook/Spinner' and RenderEffect ''. (0x7ffde3a8d560)
16/10/2017 17:32:02 (Std) 	Creating falagard mapping for type 'TaharezLook/Tooltip' using base type 'CEGUI/Tooltip', window renderer 'Core/Tooltip' Look'N'Feel 'TaharezLook/Tooltip' and RenderEffect ''. (0x7ffde3a8d560)
16/10/2017 17:32:02 (Std) 	Creating falagard mapping for type 'TaharezLook/StaticImage' using base type 'DefaultWindow', window renderer 'Core/StaticImage' Look'N'Feel 'TaharezLook/StaticImage' and RenderEffect ''. (0x7ffde3a8d560)
16/10/2017 17:32:02 (Std) 	Creating falagard mapping for type 'TaharezLook/StaticText' using base type 'DefaultWindow', window renderer 'Core/StaticText' Look'N'Feel 'TaharezLook/StaticText' and RenderEffect ''. (0x7ffde3a8d560)
16/10/2017 17:32:02 (Std) 	Creating falagard mapping for type 'TaharezLook/ItemListbox' using base type 'CEGUI/ItemListbox', window renderer 'Core/ItemListbox' Look'N'Feel 'TaharezLook/ItemListbox' and RenderEffect ''. (0x7ffde3a8d560)
16/10/2017 17:32:02 (Std) 	Creating falagard mapping for type 'TaharezLook/ListboxItem' using base type 'CEGUI/ItemEntry', window renderer 'Core/ItemEntry' Look'N'Feel 'TaharezLook/ListboxItem' and RenderEffect ''. (0x7ffde3a8d560)
16/10/2017 17:32:02 (Std) 	Creating falagard mapping for type 'TaharezLook/GroupBox' using base type 'DefaultWindow', window renderer 'Core/Default' Look'N'Feel 'TaharezLook/GroupBox' and RenderEffect ''. (0x7ffde3a8d560)
16/10/2017 17:32:02 (Std) 	Creating falagard mapping for type 'TaharezLook/Tree' using base type 'CEGUI/Tree', window renderer 'Core/Tree' Look'N'Feel 'TaharezLook/Tree' and RenderEffect ''. (0x7ffde3a8d560)
16/10/2017 17:32:02 (Std) 	[OgreRenderer] Created texture: DejaVuSans-12_auto_glyph_images_32
