19:38:21: Creating resource group General
19:38:21: Creating resource group Internal
19:38:21: Creating resource group Autodetect
19:38:21: SceneManagerFactory for type 'DefaultSceneManager' registered.
19:38:21: Registering ResourceManager for type Material
19:38:21: Registering ResourceManager for type Mesh
19:38:21: Registering ResourceManager for type Skeleton
19:38:21: MovableObjectFactory for type 'ParticleSystem' registered.
19:38:21: ArchiveFactory for archive type FileSystem registered.
19:38:21: ArchiveFactory for archive type Zip registered.
19:38:21: ArchiveFactory for archive type EmbeddedZip registered.
19:38:21: DDS codec registering
19:38:21: FreeImage version: 3.17.0
19:38:21: This program uses FreeImage, a free, open source image library supporting all common bitmap formats. See http://freeimage.sourceforge.net for details
19:38:21: Supported formats: bmp,ico,jpg,jif,jpeg,jpe,jng,koa,iff,lbm,mng,pbm,pbm,pcd,pcx,pgm,pgm,png,ppm,ppm,ras,tga,targa,tif,tiff,wap,wbmp,wbm,psd,cut,xbm,xpm,gif,hdr,sgi,rgb,rgba,bw,exr,j2k,j2c,jp2,pfm,pct,pict,pic,3fr,arw,bay,bmq,cap,cine,cr2,crw,cs1,dc2,dcr,drf,dsc,dng,erf,fff,ia,iiq,k25,kc2,kdc,mdc,mef,mos,mrw,nef,nrw,orf,pef,ptx,pxn,qtk,raf,raw,rdc,rw2,rwl,rwz,sr2,srf,srw,sti,x3f,webp,jxr,wdp,hdp
19:38:21: PVRTC codec registering
19:38:21: ETC codec registering
19:38:21: Registering ResourceManager for type HighLevelGpuProgram
19:38:21: Registering ResourceManager for type Compositor
19:38:21: MovableObjectFactory for type 'Entity' registered.
19:38:21: MovableObjectFactory for type 'Light' registered.
19:38:21: MovableObjectFactory for type 'BillboardSet' registered.
19:38:21: MovableObjectFactory for type 'ManualObject' registered.
19:38:21: MovableObjectFactory for type 'BillboardChain' registered.
19:38:21: MovableObjectFactory for type 'RibbonTrail' registered.
19:38:21: Loading library /usr/lib/x86_64-linux-gnu/OGRE-1.9.0/RenderSystem_GL
19:38:21: Installing plugin: GL RenderSystem
19:38:21: OpenGL Rendering Subsystem created.
19:38:21: Plugin successfully installed
19:38:21: Loading library /usr/lib/x86_64-linux-gnu/OGRE-1.9.0/Plugin_ParticleFX
19:38:21: Installing plugin: ParticleFX
19:38:21: Particle Emitter Type 'Point' registered
19:38:21: Particle Emitter Type 'Box' registered
19:38:21: Particle Emitter Type 'Ellipsoid' registered
19:38:21: Particle Emitter Type 'Cylinder' registered
19:38:21: Particle Emitter Type 'Ring' registered
19:38:21: Particle Emitter Type 'HollowEllipsoid' registered
19:38:21: Particle Affector Type 'LinearForce' registered
19:38:21: Particle Affector Type 'ColourFader' registered
19:38:21: Particle Affector Type 'ColourFader2' registered
19:38:21: Particle Affector Type 'ColourImage' registered
19:38:21: Particle Affector Type 'ColourInterpolator' registered
19:38:21: Particle Affector Type 'Scaler' registered
19:38:21: Particle Affector Type 'Rotator' registered
19:38:21: Particle Affector Type 'DirectionRandomiser' registered
19:38:21: Particle Affector Type 'DeflectorPlane' registered
19:38:21: Plugin successfully installed
19:38:21: Loading library /usr/lib/x86_64-linux-gnu/OGRE-1.9.0/Plugin_BSPSceneManager
19:38:21: Installing plugin: BSP Scene Manager
19:38:21: Plugin successfully installed
19:38:21: Loading library /usr/lib/x86_64-linux-gnu/OGRE-1.9.0/Plugin_PCZSceneManager
19:38:21: Installing plugin: Portal Connected Zone Scene Manager
19:38:21: PCZone Factory Type 'ZoneType_Default' registered
19:38:21: Plugin successfully installed
19:38:21: Loading library /usr/lib/x86_64-linux-gnu/OGRE-1.9.0/Plugin_OctreeZone
19:38:21: Installing plugin: Octree Zone Factory
19:38:21: Plugin successfully installed
19:38:21: Loading library /usr/lib/x86_64-linux-gnu/OGRE-1.9.0/Plugin_OctreeSceneManager
19:38:21: Installing plugin: Octree Scene Manager
19:38:21: Plugin successfully installed
19:38:21: *-*-* OGRE Initialising
19:38:21: *-*-* Version 1.9.0 (Ghadamon)
19:38:21: Creating resource group Essential
19:38:21: Added resource location '/lusr/opt/ogre-1.9/share/OGRE/Media/thumbnails' of type 'FileSystem' to resource group 'Essential'
19:38:21: Added resource location '/lusr/opt/ogre-1.9/share/OGRE/Media/packs/SdkTrays.zip' of type 'Zip' to resource group 'Essential'
19:38:21: Added resource location '/lusr/opt/ogre-1.9/share/OGRE/Media/packs/profiler.zip' of type 'Zip' to resource group 'Essential'
19:38:21: Creating resource group Fonts
19:38:21: Added resource location '/lusr/opt/cegui-8.7/share/cegui-0/fonts' of type 'FileSystem' to resource group 'Fonts'
19:38:21: Added resource location '/lusr/opt/ogre-1.9/share/OGRE/Media' of type 'FileSystem' to resource group 'General'
19:38:21: Creating resource group Imagesets
19:38:21: Added resource location '/lusr/opt/cegui-8.7/share/cegui-0/imagesets' of type 'FileSystem' to resource group 'Imagesets'
19:38:21: Creating resource group Layouts
19:38:21: Added resource location '/lusr/opt/cegui-8.7/share/cegui-0/layouts' of type 'FileSystem' to resource group 'Layouts'
19:38:21: Creating resource group LookNFeel
19:38:21: Added resource location '/lusr/opt/cegui-8.7/share/cegui-0/looknfeel' of type 'FileSystem' to resource group 'LookNFeel'
19:38:21: Creating resource group Popular
19:38:21: Added resource location '/lusr/opt/ogre-1.9/share/OGRE/Media/fonts' of type 'FileSystem' to resource group 'Popular'
19:38:21: Added resource location '/lusr/opt/ogre-1.9/share/OGRE/Media/materials/programs/GLSL' of type 'FileSystem' to resource group 'Popular'
19:38:21: Added resource location '/lusr/opt/ogre-1.9/share/OGRE/Media/materials/scripts' of type 'FileSystem' to resource group 'Popular'
19:38:21: Added resource location '/lusr/opt/ogre-1.9/share/OGRE/Media/materials/textures' of type 'FileSystem' to resource group 'Popular'
19:38:21: Added resource location '/lusr/opt/ogre-1.9/share/OGRE/Media/materials/textures/nvidia' of type 'FileSystem' to resource group 'Popular'
19:38:21: Added resource location '/lusr/opt/ogre-1.9/share/OGRE/Media/models' of type 'FileSystem' to resource group 'Popular'
19:38:21: Added resource location '/lusr/opt/ogre-1.9/share/OGRE/Media/particle' of type 'FileSystem' to resource group 'Popular'
19:38:21: Added resource location '/lusr/opt/ogre-1.9/share/OGRE/Media/DeferredShadingMedia' of type 'FileSystem' to resource group 'Popular'
19:38:21: Added resource location '/lusr/opt/ogre-1.9/share/OGRE/Media/PCZAppMedia' of type 'FileSystem' to resource group 'Popular'
19:38:21: Added resource location '/lusr/opt/ogre-1.9/share/OGRE/Media/RTShaderLib' of type 'FileSystem' to resource group 'Popular'
19:38:21: Added resource location '/lusr/opt/ogre-1.9/share/OGRE/Media/RTShaderLib/materials' of type 'FileSystem' to resource group 'Popular'
19:38:21: Added resource location '/lusr/opt/ogre-1.9/share/OGRE/Media/materials/scripts/SSAO' of type 'FileSystem' to resource group 'Popular'
19:38:21: Added resource location '/lusr/opt/ogre-1.9/share/OGRE/Media/materials/textures/SSAO' of type 'FileSystem' to resource group 'Popular'
19:38:21: Added resource location '/lusr/opt/ogre-1.9/share/OGRE/Media/volumeTerrain' of type 'FileSystem' to resource group 'Popular'
19:38:21: Added resource location '/lusr/opt/ogre-1.9/share/OGRE/Media/packs/cubemap.zip' of type 'Zip' to resource group 'Popular'
19:38:21: Added resource location '/lusr/opt/ogre-1.9/share/OGRE/Media/packs/cubemapsJS.zip' of type 'Zip' to resource group 'Popular'
19:38:21: Added resource location '/lusr/opt/ogre-1.9/share/OGRE/Media/packs/dragon.zip' of type 'Zip' to resource group 'Popular'
19:38:21: Added resource location '/lusr/opt/ogre-1.9/share/OGRE/Media/packs/fresneldemo.zip' of type 'Zip' to resource group 'Popular'
19:38:21: Added resource location '/lusr/opt/ogre-1.9/share/OGRE/Media/packs/ogretestmap.zip' of type 'Zip' to resource group 'Popular'
19:38:21: Added resource location '/lusr/opt/ogre-1.9/share/OGRE/Media/packs/ogredance.zip' of type 'Zip' to resource group 'Popular'
19:38:21: Added resource location '/lusr/opt/ogre-1.9/share/OGRE/Media/packs/Sinbad.zip' of type 'Zip' to resource group 'Popular'
19:38:21: Added resource location '/lusr/opt/ogre-1.9/share/OGRE/Media/packs/skybox.zip' of type 'Zip' to resource group 'Popular'
19:38:21: Added resource location '/lusr/opt/ogre-1.9/share/OGRE/Media/volumeTerrain/volumeTerrainBig.zip' of type 'Zip' to resource group 'Popular'
19:38:21: Creating resource group Schemes
19:38:21: Added resource location '/lusr/opt/cegui-8.7/share/cegui-0/schemes' of type 'FileSystem' to resource group 'Schemes'
19:38:21: Creating resource group Tests
19:38:21: Added resource location '/lusr/opt/ogre-1.9/Tests/Media' of type 'FileSystem' to resource group 'Tests'
